randread-individual-nvmes: (g=0): rw=randread, bs=4096B-4096B,4096B-4096B,4096B-4096B, ioengine=psync, iodepth=1
...
fio-2.17-17-g9cf1
Starting 1024 threads

randread-individual-nvmes: (groupid=0, jobs=1024): err= 0: pid=85298: Mon Jan 23 23:47:32 2017
   read: IOPS=5214k, BW=19.1GiB/s (21.4GB/s)(597GiB/30016msec)
  cpu          : usr=1.16%, sys=10.57%, ctx=156582234, majf=0, minf=1024
  IO depths    : 1=100.0%, 2=0.0%, 4=0.0%, 8=0.0%, 16=0.0%, 32=0.0%, >=64=0.0%
     submit    : 0=0.0%, 4=100.0%, 8=0.0%, 16=0.0%, 32=0.0%, 64=0.0%, >=64=0.0%
     complete  : 0=0.0%, 4=100.0%, 8=0.0%, 16=0.0%, 32=0.0%, 64=0.0%, >=64=0.0%
     issued rwt: total=156507136,0,0, short=0,0,0, dropped=0,0,0
     latency   : target=0, window=0, percentile=100.00%, depth=1

Run status group 0 (all jobs):
   READ: bw=19.1GiB/s (21.4GB/s), 19.1GiB/s-19.1GiB/s (21.4GB/s-21.4GB/s), io=597GiB (641GB), run=30016-30016msec

Disk stats (read/write):
  nvme0n1: ios=9770421/0, merge=0/0, ticks=1435748/0, in_queue=1454908, util=97.11%
  nvme1n1: ios=9770423/0, merge=0/0, ticks=1515652/0, in_queue=1606988, util=98.35%
  nvme2n1: ios=9770425/0, merge=0/0, ticks=1402056/0, in_queue=1481116, util=98.39%
  nvme3n1: ios=9770425/0, merge=0/0, ticks=1392040/0, in_queue=1418312, util=98.06%
  nvme4n1: ios=9781824/0, merge=0/0, ticks=1461792/0, in_queue=1553312, util=98.43%
  nvme5n1: ios=9781824/0, merge=0/0, ticks=1513132/0, in_queue=1541660, util=97.76%
  nvme6n1: ios=9781824/0, merge=0/0, ticks=1484248/0, in_queue=1504872, util=97.65%
  nvme7n1: ios=9781824/0, merge=0/0, ticks=1465872/0, in_queue=1491756, util=97.80%
  nvme8n1: ios=9781824/0, merge=0/0, ticks=1525408/0, in_queue=1551372, util=97.93%
  nvme9n1: ios=9781824/0, merge=0/0, ticks=1457108/0, in_queue=1538232, util=98.64%
  nvme10n1: ios=9781824/0, merge=0/0, ticks=1400156/0, in_queue=1423300, util=98.07%
  nvme11n1: ios=9781824/0, merge=0/0, ticks=1529052/0, in_queue=1624368, util=98.87%
  nvme12n1: ios=9781824/0, merge=0/0, ticks=1441400/0, in_queue=1463120, util=98.39%
  nvme13n1: ios=9781824/0, merge=0/0, ticks=1455508/0, in_queue=1533048, util=99.28%
  nvme14n1: ios=9780800/0, merge=0/0, ticks=1594068/0, in_queue=1623528, util=98.54%
  nvme15n1: ios=9780800/0, merge=0/0, ticks=1470544/0, in_queue=1493096, util=98.42%
