randread-individual-nvmes: (g=0): rw=randread, bs=4096B-4096B,4096B-4096B,4096B-4096B, ioengine=pvsync2, iodepth=1
...
fio-2.17-17-g9cf1
Starting 512 threads

randread-individual-nvmes: (groupid=0, jobs=512): err= 0: pid=74489: Mon Jan 23 23:21:39 2017
   read: IOPS=1654k, BW=6463MiB/s (6777MB/s)(190GiB/30029msec)
  cpu          : usr=0.16%, sys=33.63%, ctx=762376, majf=0, minf=512
  IO depths    : 1=100.0%, 2=0.0%, 4=0.0%, 8=0.0%, 16=0.0%, 32=0.0%, >=64=0.0%
     submit    : 0=0.0%, 4=100.0%, 8=0.0%, 16=0.0%, 32=0.0%, 64=0.0%, >=64=0.0%
     complete  : 0=0.0%, 4=100.0%, 8=0.0%, 16=0.0%, 32=0.0%, 64=0.0%, >=64=0.0%
     issued rwt: total=49681856,0,0, short=0,0,0, dropped=0,0,0
     latency   : target=0, window=0, percentile=100.00%, depth=1

Run status group 0 (all jobs):
   READ: bw=6463MiB/s (6777MB/s), 6463MiB/s-6463MiB/s (6777MB/s-6777MB/s), io=190GiB (203GB), run=30029-30029msec

Disk stats (read/write):
  nvme0n1: ios=3092619/0, merge=0/0, ticks=323348/0, in_queue=330512, util=98.06%
  nvme1n1: ios=3092600/0, merge=0/0, ticks=316564/0, in_queue=354544, util=100.00%
  nvme2n1: ios=3092576/0, merge=0/0, ticks=319100/0, in_queue=356408, util=100.00%
  nvme3n1: ios=3092547/0, merge=0/0, ticks=319956/0, in_queue=327708, util=98.77%
  nvme4n1: ios=3092528/0, merge=0/0, ticks=309752/0, in_queue=356292, util=100.00%
  nvme5n1: ios=3092512/0, merge=0/0, ticks=308188/0, in_queue=315752, util=99.14%
  nvme6n1: ios=3092488/0, merge=0/0, ticks=302564/0, in_queue=310368, util=99.22%
  nvme7n1: ios=3092469/0, merge=0/0, ticks=302520/0, in_queue=309492, util=99.20%
  nvme8n1: ios=3092446/0, merge=0/0, ticks=321724/0, in_queue=328800, util=99.19%
  nvme9n1: ios=3092415/0, merge=0/0, ticks=321428/0, in_queue=369072, util=100.00%
  nvme10n1: ios=3092393/0, merge=0/0, ticks=320380/0, in_queue=328020, util=99.47%
  nvme11n1: ios=3092377/0, merge=0/0, ticks=308480/0, in_queue=351288, util=100.00%
  nvme12n1: ios=3092351/0, merge=0/0, ticks=324288/0, in_queue=333844, util=100.00%
  nvme13n1: ios=3092331/0, merge=0/0, ticks=316532/0, in_queue=355180, util=100.00%
  nvme14n1: ios=3092321/0, merge=0/0, ticks=295684/0, in_queue=301952, util=99.90%
  nvme15n1: ios=3092302/0, merge=0/0, ticks=309676/0, in_queue=317692, util=99.97%
