randread-individual-nvmes: (g=0): rw=randread, bs=4096B-4096B,4096B-4096B,4096B-4096B, ioengine=pvsync2, iodepth=1
...
fio-2.17-17-g9cf1
Starting 2048 threads

randread-individual-nvmes: (groupid=0, jobs=2048): err= 0: pid=72246: Mon Jan 23 23:21:07 2017
   read: IOPS=6465k, BW=24.7GiB/s (26.5GB/s)(741GiB/30026msec)
  cpu          : usr=0.66%, sys=5.88%, ctx=194933557, majf=0, minf=2045
  IO depths    : 1=100.0%, 2=0.0%, 4=0.0%, 8=0.0%, 16=0.0%, 32=0.0%, >=64=0.0%
     submit    : 0=0.0%, 4=100.0%, 8=0.0%, 16=0.0%, 32=0.0%, 64=0.0%, >=64=0.0%
     complete  : 0=0.0%, 4=100.0%, 8=0.0%, 16=0.0%, 32=0.0%, 64=0.0%, >=64=0.0%
     issued rwt: total=194120256,0,0, short=0,0,0, dropped=0,0,0
     latency   : target=0, window=0, percentile=100.00%, depth=1

Run status group 0 (all jobs):
   READ: bw=24.7GiB/s (26.5GB/s), 24.7GiB/s-24.7GiB/s (26.5GB/s-26.5GB/s), io=741GiB (795GB), run=30026-30026msec

Disk stats (read/write):
  nvme0n1: ios=12064574/0, merge=0/0, ticks=2479896/0, in_queue=2545196, util=97.16%
  nvme1n1: ios=12132772/0, merge=0/0, ticks=3583304/0, in_queue=3884488, util=97.64%
  nvme2n1: ios=12132772/0, merge=0/0, ticks=2748876/0, in_queue=2977820, util=97.30%
  nvme3n1: ios=12132772/0, merge=0/0, ticks=2795032/0, in_queue=2869072, util=96.67%
  nvme4n1: ios=12132772/0, merge=0/0, ticks=3047600/0, in_queue=3320900, util=97.91%
  nvme5n1: ios=12132772/0, merge=0/0, ticks=2669364/0, in_queue=2735236, util=97.31%
  nvme6n1: ios=12132772/0, merge=0/0, ticks=2197000/0, in_queue=2255764, util=97.08%
  nvme7n1: ios=12132772/0, merge=0/0, ticks=2559204/0, in_queue=2622140, util=97.07%
  nvme8n1: ios=12132772/0, merge=0/0, ticks=3799320/0, in_queue=3911540, util=97.57%
  nvme9n1: ios=12132772/0, merge=0/0, ticks=4104868/0, in_queue=4440672, util=97.92%
  nvme10n1: ios=12132772/0, merge=0/0, ticks=3264684/0, in_queue=3327704, util=97.15%
  nvme11n1: ios=12132772/0, merge=0/0, ticks=3820532/0, in_queue=4146860, util=98.34%
  nvme12n1: ios=12132772/0, merge=0/0, ticks=3411420/0, in_queue=3487356, util=97.70%
  nvme13n1: ios=12132772/0, merge=0/0, ticks=3161820/0, in_queue=3417956, util=98.78%
  nvme14n1: ios=12130724/0, merge=0/0, ticks=2745924/0, in_queue=2801360, util=97.75%
  nvme15n1: ios=12130724/0, merge=0/0, ticks=4145560/0, in_queue=4271836, util=97.88%
