randread-individual-nvmes: (g=0): rw=randread, bs=4096B-4096B,4096B-4096B,4096B-4096B, ioengine=pvsync, iodepth=1
...
fio-2.17-17-g9cf1
Starting 1024 threads

randread-individual-nvmes: (groupid=0, jobs=1024): err= 0: pid=66860: Mon Jan 23 23:18:57 2017
   read: IOPS=5218k, BW=19.1GiB/s (21.4GB/s)(597GiB/30013msec)
  cpu          : usr=1.19%, sys=10.55%, ctx=156727592, majf=0, minf=1024
  IO depths    : 1=100.0%, 2=0.0%, 4=0.0%, 8=0.0%, 16=0.0%, 32=0.0%, >=64=0.0%
     submit    : 0=0.0%, 4=100.0%, 8=0.0%, 16=0.0%, 32=0.0%, 64=0.0%, >=64=0.0%
     complete  : 0=0.0%, 4=100.0%, 8=0.0%, 16=0.0%, 32=0.0%, 64=0.0%, >=64=0.0%
     issued rwt: total=156610880,0,0, short=0,0,0, dropped=0,0,0
     latency   : target=0, window=0, percentile=100.00%, depth=1

Run status group 0 (all jobs):
   READ: bw=19.1GiB/s (21.4GB/s), 19.1GiB/s-19.1GiB/s (21.4GB/s-21.4GB/s), io=597GiB (641GB), run=30013-30013msec

Disk stats (read/write):
  nvme0n1: ios=9733428/0, merge=0/0, ticks=1506484/0, in_queue=1529064, util=97.55%
  nvme1n1: ios=9788308/0, merge=0/0, ticks=1448824/0, in_queue=1532232, util=98.43%
  nvme2n1: ios=9788308/0, merge=0/0, ticks=1467452/0, in_queue=1546528, util=98.37%
  nvme3n1: ios=9788308/0, merge=0/0, ticks=1397584/0, in_queue=1423512, util=98.25%
  nvme4n1: ios=9788308/0, merge=0/0, ticks=1494304/0, in_queue=1585832, util=98.93%
  nvme5n1: ios=9788308/0, merge=0/0, ticks=1535900/0, in_queue=1562120, util=98.56%
  nvme6n1: ios=9788308/0, merge=0/0, ticks=1528480/0, in_queue=1551224, util=98.33%
  nvme7n1: ios=9788308/0, merge=0/0, ticks=1498820/0, in_queue=1523280, util=98.63%
  nvme8n1: ios=9788308/0, merge=0/0, ticks=1472100/0, in_queue=1493560, util=98.73%
  nvme9n1: ios=9788308/0, merge=0/0, ticks=1415844/0, in_queue=1496448, util=99.60%
  nvme10n1: ios=9788308/0, merge=0/0, ticks=1425900/0, in_queue=1447828, util=98.70%
  nvme11n1: ios=9788308/0, merge=0/0, ticks=1522624/0, in_queue=1622320, util=99.68%
  nvme12n1: ios=9788308/0, merge=0/0, ticks=1446364/0, in_queue=1472644, util=99.19%
  nvme13n1: ios=9788308/0, merge=0/0, ticks=1450632/0, in_queue=1528916, util=100.00%
  nvme14n1: ios=9787284/0, merge=0/0, ticks=1555504/0, in_queue=1581440, util=99.33%
  nvme15n1: ios=9787284/0, merge=0/0, ticks=1428536/0, in_queue=1453708, util=99.36%
