randread-individual-nvmes: (g=0): rw=randread, bs=4096B-4096B,4096B-4096B,4096B-4096B, ioengine=pvsync2, iodepth=1
...
fio-2.17-17-g9cf1
Starting 1024 threads

randread-individual-nvmes: (groupid=0, jobs=1024): err= 0: pid=71026: Mon Jan 23 23:20:34 2017
   read: IOPS=5128k, BW=19.6GiB/s (21.6GB/s)(587GiB/30017msec)
  cpu          : usr=1.10%, sys=10.61%, ctx=154037525, majf=0, minf=1024
  IO depths    : 1=100.0%, 2=0.0%, 4=0.0%, 8=0.0%, 16=0.0%, 32=0.0%, >=64=0.0%
     submit    : 0=0.0%, 4=100.0%, 8=0.0%, 16=0.0%, 32=0.0%, 64=0.0%, >=64=0.0%
     complete  : 0=0.0%, 4=100.0%, 8=0.0%, 16=0.0%, 32=0.0%, 64=0.0%, >=64=0.0%
     issued rwt: total=153942080,0,0, short=0,0,0, dropped=0,0,0
     latency   : target=0, window=0, percentile=100.00%, depth=1

Run status group 0 (all jobs):
   READ: bw=19.6GiB/s (21.6GB/s), 19.6GiB/s-19.6GiB/s (21.6GB/s-21.6GB/s), io=587GiB (631GB), run=30017-30017msec

Disk stats (read/write):
  nvme0n1: ios=9551181/0, merge=0/0, ticks=1412728/0, in_queue=1438528, util=97.22%
  nvme1n1: ios=9621508/0, merge=0/0, ticks=1552716/0, in_queue=1644972, util=98.26%
  nvme2n1: ios=9621508/0, merge=0/0, ticks=1417792/0, in_queue=1487752, util=98.40%
  nvme3n1: ios=9621508/0, merge=0/0, ticks=1453484/0, in_queue=1474864, util=97.77%
  nvme4n1: ios=9621508/0, merge=0/0, ticks=1465232/0, in_queue=1547576, util=98.38%
  nvme5n1: ios=9621508/0, merge=0/0, ticks=1467504/0, in_queue=1495040, util=98.47%
  nvme6n1: ios=9621508/0, merge=0/0, ticks=1359748/0, in_queue=1379324, util=98.16%
  nvme7n1: ios=9621508/0, merge=0/0, ticks=1419180/0, in_queue=1447464, util=98.55%
  nvme8n1: ios=9621508/0, merge=0/0, ticks=1524224/0, in_queue=1546872, util=98.59%
  nvme9n1: ios=9621508/0, merge=0/0, ticks=1528732/0, in_queue=1611392, util=98.89%
  nvme10n1: ios=9621508/0, merge=0/0, ticks=1468128/0, in_queue=1489984, util=98.50%
  nvme11n1: ios=9621508/0, merge=0/0, ticks=1568360/0, in_queue=1662236, util=99.34%
  nvme12n1: ios=9621508/0, merge=0/0, ticks=1489928/0, in_queue=1517728, util=99.02%
  nvme13n1: ios=9621508/0, merge=0/0, ticks=1419160/0, in_queue=1491392, util=99.45%
  nvme14n1: ios=9620484/0, merge=0/0, ticks=1469724/0, in_queue=1490064, util=98.91%
  nvme15n1: ios=9620484/0, merge=0/0, ticks=1492416/0, in_queue=1516964, util=99.09%
