randread-individual-nvmes: (g=0): rw=randread, bs=4096B-4096B,4096B-4096B,4096B-4096B, ioengine=pvsync2, iodepth=1
...
fio-2.17-17-g9cf1
Starting 2048 threads

randread-individual-nvmes: (groupid=0, jobs=2048): err= 0: pid=76404: Mon Jan 23 23:22:44 2017
   read: IOPS=1669k, BW=6519MiB/s (6836MB/s)(192GiB/30107msec)
  cpu          : usr=0.04%, sys=8.32%, ctx=1402237, majf=0, minf=2045
  IO depths    : 1=100.0%, 2=0.0%, 4=0.0%, 8=0.0%, 16=0.0%, 32=0.0%, >=64=0.0%
     submit    : 0=0.0%, 4=100.0%, 8=0.0%, 16=0.0%, 32=0.0%, 64=0.0%, >=64=0.0%
     complete  : 0=0.0%, 4=100.0%, 8=0.0%, 16=0.0%, 32=0.0%, 64=0.0%, >=64=0.0%
     issued rwt: total=50246976,0,0, short=0,0,0, dropped=0,0,0
     latency   : target=0, window=0, percentile=100.00%, depth=1

Run status group 0 (all jobs):
   READ: bw=6519MiB/s (6836MB/s), 6519MiB/s-6519MiB/s (6836MB/s-6836MB/s), io=192GiB (206GB), run=30107-30107msec

Disk stats (read/write):
  nvme0n1: ios=3120513/0, merge=0/0, ticks=327900/0, in_queue=342552, util=97.25%
  nvme1n1: ios=3140692/0, merge=0/0, ticks=294732/0, in_queue=366684, util=100.00%
  nvme2n1: ios=3140692/0, merge=0/0, ticks=308540/0, in_queue=379176, util=100.00%
  nvme3n1: ios=3140692/0, merge=0/0, ticks=313820/0, in_queue=330052, util=97.33%
  nvme4n1: ios=3140692/0, merge=0/0, ticks=306452/0, in_queue=394256, util=100.00%
  nvme5n1: ios=3140692/0, merge=0/0, ticks=325120/0, in_queue=341016, util=97.57%
  nvme6n1: ios=3140692/0, merge=0/0, ticks=328588/0, in_queue=344596, util=97.64%
  nvme7n1: ios=3140692/0, merge=0/0, ticks=316324/0, in_queue=333472, util=97.73%
  nvme8n1: ios=3140692/0, merge=0/0, ticks=308296/0, in_queue=324824, util=97.91%
  nvme9n1: ios=3140692/0, merge=0/0, ticks=304808/0, in_queue=386632, util=100.00%
  nvme10n1: ios=3140692/0, merge=0/0, ticks=329544/0, in_queue=345748, util=97.89%
  nvme11n1: ios=3140692/0, merge=0/0, ticks=298492/0, in_queue=377076, util=100.00%
  nvme12n1: ios=3140692/0, merge=0/0, ticks=306692/0, in_queue=322740, util=97.97%
  nvme13n1: ios=3140692/0, merge=0/0, ticks=313716/0, in_queue=392168, util=100.00%
  nvme14n1: ios=3138644/0, merge=0/0, ticks=308040/0, in_queue=324924, util=98.27%
  nvme15n1: ios=3138644/0, merge=0/0, ticks=293000/0, in_queue=306272, util=97.92%
