randread-individual-nvmes: (g=0): rw=randread, bs=4096B-4096B,4096B-4096B,4096B-4096B, ioengine=sync, iodepth=1
...
fio-2.17-17-g9cf1
Starting 1024 threads

randread-individual-nvmes: (groupid=0, jobs=1024): err= 0: pid=58573: Mon Jan 23 23:15:44 2017
   read: IOPS=5171k, BW=19.8GiB/s (21.2GB/s)(592GiB/30013msec)
  cpu          : usr=1.13%, sys=10.80%, ctx=155264599, majf=0, minf=1024
  IO depths    : 1=100.0%, 2=0.0%, 4=0.0%, 8=0.0%, 16=0.0%, 32=0.0%, >=64=0.0%
     submit    : 0=0.0%, 4=100.0%, 8=0.0%, 16=0.0%, 32=0.0%, 64=0.0%, >=64=0.0%
     complete  : 0=0.0%, 4=100.0%, 8=0.0%, 16=0.0%, 32=0.0%, 64=0.0%, >=64=0.0%
     issued rwt: total=155190016,0,0, short=0,0,0, dropped=0,0,0
     latency   : target=0, window=0, percentile=100.00%, depth=1

Run status group 0 (all jobs):
   READ: bw=19.8GiB/s (21.2GB/s), 19.8GiB/s-19.8GiB/s (21.2GB/s-21.2GB/s), io=592GiB (636GB), run=30013-30013msec

Disk stats (read/write):
  nvme0n1: ios=9623628/0, merge=0/0, ticks=1406412/0, in_queue=1424700, util=97.19%
  nvme1n1: ios=9699504/0, merge=0/0, ticks=1544240/0, in_queue=1633260, util=98.45%
  nvme2n1: ios=9699504/0, merge=0/0, ticks=1449900/0, in_queue=1532836, util=98.66%
  nvme3n1: ios=9699504/0, merge=0/0, ticks=1448828/0, in_queue=1471516, util=98.11%
  nvme4n1: ios=9699504/0, merge=0/0, ticks=1400136/0, in_queue=1493016, util=99.35%
  nvme5n1: ios=9699504/0, merge=0/0, ticks=1425824/0, in_queue=1449244, util=98.34%
  nvme6n1: ios=9699504/0, merge=0/0, ticks=1370736/0, in_queue=1393580, util=98.51%
  nvme7n1: ios=9699504/0, merge=0/0, ticks=1398152/0, in_queue=1420276, util=98.45%
  nvme8n1: ios=9699504/0, merge=0/0, ticks=1490348/0, in_queue=1514976, util=98.81%
  nvme9n1: ios=9699504/0, merge=0/0, ticks=1551220/0, in_queue=1631048, util=99.58%
  nvme10n1: ios=9699504/0, merge=0/0, ticks=1452968/0, in_queue=1474052, util=98.77%
  nvme11n1: ios=9699504/0, merge=0/0, ticks=1507280/0, in_queue=1597908, util=99.60%
  nvme12n1: ios=9699504/0, merge=0/0, ticks=1459992/0, in_queue=1486076, util=99.08%
  nvme13n1: ios=9699504/0, merge=0/0, ticks=1425220/0, in_queue=1492768, util=99.87%
  nvme14n1: ios=9698480/0, merge=0/0, ticks=1477460/0, in_queue=1499872, util=99.27%
  nvme15n1: ios=9698480/0, merge=0/0, ticks=1510120/0, in_queue=1535572, util=99.20%
