randread-individual-nvmes: (g=0): rw=randread, bs=4096B-4096B,4096B-4096B,4096B-4096B, ioengine=sync, iodepth=1
...
fio-2.17-17-g9cf1
Starting 2048 threads

randread-individual-nvmes: (groupid=0, jobs=2048): err= 0: pid=59777: Mon Jan 23 23:16:16 2017
   read: IOPS=6443k, BW=24.6GiB/s (26.4GB/s)(738GiB/30025msec)
  cpu          : usr=0.67%, sys=6.11%, ctx=193849936, majf=0, minf=2045
  IO depths    : 1=100.0%, 2=0.0%, 4=0.0%, 8=0.0%, 16=0.0%, 32=0.0%, >=64=0.0%
     submit    : 0=0.0%, 4=100.0%, 8=0.0%, 16=0.0%, 32=0.0%, 64=0.0%, >=64=0.0%
     complete  : 0=0.0%, 4=100.0%, 8=0.0%, 16=0.0%, 32=0.0%, 64=0.0%, >=64=0.0%
     issued rwt: total=193443776,0,0, short=0,0,0, dropped=0,0,0
     latency   : target=0, window=0, percentile=100.00%, depth=1

Run status group 0 (all jobs):
   READ: bw=24.6GiB/s (26.4GB/s), 24.6GiB/s-24.6GiB/s (26.4GB/s-26.4GB/s), io=738GiB (792GB), run=30025-30025msec

Disk stats (read/write):
  nvme0n1: ios=12051978/0, merge=0/0, ticks=3029952/0, in_queue=3109824, util=97.15%
  nvme1n1: ios=12090492/0, merge=0/0, ticks=3302968/0, in_queue=3548612, util=98.04%
  nvme2n1: ios=12090492/0, merge=0/0, ticks=3021816/0, in_queue=3265976, util=96.88%
  nvme3n1: ios=12090492/0, merge=0/0, ticks=3650224/0, in_queue=3752912, util=97.07%
  nvme4n1: ios=12090492/0, merge=0/0, ticks=2825996/0, in_queue=3058644, util=97.54%
  nvme5n1: ios=12090492/0, merge=0/0, ticks=2261100/0, in_queue=2326820, util=97.38%
  nvme6n1: ios=12090492/0, merge=0/0, ticks=2172780/0, in_queue=2224316, util=97.10%
  nvme7n1: ios=12090492/0, merge=0/0, ticks=2675796/0, in_queue=2739232, util=97.28%
  nvme8n1: ios=12090492/0, merge=0/0, ticks=3388416/0, in_queue=3486628, util=97.52%
  nvme9n1: ios=12090492/0, merge=0/0, ticks=3298440/0, in_queue=3525452, util=97.87%
  nvme10n1: ios=12090492/0, merge=0/0, ticks=3383112/0, in_queue=3468200, util=97.59%
  nvme11n1: ios=12090492/0, merge=0/0, ticks=3026528/0, in_queue=3276340, util=97.94%
  nvme12n1: ios=12090492/0, merge=0/0, ticks=3051708/0, in_queue=3112524, util=97.67%
  nvme13n1: ios=12090492/0, merge=0/0, ticks=3305004/0, in_queue=3568488, util=98.72%
  nvme14n1: ios=12088444/0, merge=0/0, ticks=2995528/0, in_queue=3063076, util=97.99%
  nvme15n1: ios=12088444/0, merge=0/0, ticks=3341504/0, in_queue=3430236, util=97.95%
