randread-individual-nvmes: (g=0): rw=randread, bs=4096B-4096B,4096B-4096B,4096B-4096B, ioengine=sync, iodepth=1
...
fio-2.17-17-g9cf1
Starting 2048 threads

randread-individual-nvmes: (groupid=0, jobs=2048): err= 0: pid=82349: Mon Jan 23 23:46:27 2017
   read: IOPS=6626k, BW=25.3GiB/s (27.2GB/s)(759GiB/30026msec)
  cpu          : usr=0.69%, sys=6.20%, ctx=199422092, majf=0, minf=2045
  IO depths    : 1=100.0%, 2=0.0%, 4=0.0%, 8=0.0%, 16=0.0%, 32=0.0%, >=64=0.0%
     submit    : 0=0.0%, 4=100.0%, 8=0.0%, 16=0.0%, 32=0.0%, 64=0.0%, >=64=0.0%
     complete  : 0=0.0%, 4=100.0%, 8=0.0%, 16=0.0%, 32=0.0%, 64=0.0%, >=64=0.0%
     issued rwt: total=198965312,0,0, short=0,0,0, dropped=0,0,0
     latency   : target=0, window=0, percentile=100.00%, depth=1

Run status group 0 (all jobs):
   READ: bw=25.3GiB/s (27.2GB/s), 25.3GiB/s-25.3GiB/s (27.2GB/s-27.2GB/s), io=759GiB (815GB), run=30026-30026msec

Disk stats (read/write):
  nvme0n1: ios=12376982/0, merge=0/0, ticks=3128748/0, in_queue=3192048, util=97.06%
  nvme1n1: ios=12435588/0, merge=0/0, ticks=2443908/0, in_queue=2638988, util=97.17%
  nvme2n1: ios=12435588/0, merge=0/0, ticks=3525696/0, in_queue=3779368, util=96.72%
  nvme3n1: ios=12435588/0, merge=0/0, ticks=2394884/0, in_queue=2458844, util=96.85%
  nvme4n1: ios=12435588/0, merge=0/0, ticks=3363436/0, in_queue=3619944, util=97.66%
  nvme5n1: ios=12435588/0, merge=0/0, ticks=3648480/0, in_queue=3748416, util=97.52%
  nvme6n1: ios=12435588/0, merge=0/0, ticks=4502216/0, in_queue=4586508, util=97.13%
  nvme7n1: ios=12435588/0, merge=0/0, ticks=3457712/0, in_queue=3548760, util=97.28%
  nvme8n1: ios=12435588/0, merge=0/0, ticks=2475548/0, in_queue=2536192, util=97.43%
  nvme9n1: ios=12435588/0, merge=0/0, ticks=2380140/0, in_queue=2548980, util=97.87%
  nvme10n1: ios=12435588/0, merge=0/0, ticks=2765692/0, in_queue=2835656, util=97.49%
  nvme11n1: ios=12435588/0, merge=0/0, ticks=2721872/0, in_queue=2944812, util=97.95%
  nvme12n1: ios=12435588/0, merge=0/0, ticks=2724592/0, in_queue=2787144, util=97.76%
  nvme13n1: ios=12435588/0, merge=0/0, ticks=2352176/0, in_queue=2518676, util=98.55%
  nvme14n1: ios=12433540/0, merge=0/0, ticks=3595988/0, in_queue=3674964, util=97.85%
  nvme15n1: ios=12433540/0, merge=0/0, ticks=2322484/0, in_queue=2386048, util=97.74%
