randread-individual-nvmes: (g=0): rw=randread, bs=4096B-4096B,4096B-4096B,4096B-4096B, ioengine=pvsync, iodepth=1
...
fio-2.17-17-g9cf1
Starting 2048 threads

randread-individual-nvmes: (groupid=0, jobs=2048): err= 0: pid=90684: Mon Jan 23 23:49:41 2017
   read: IOPS=6460k, BW=24.7GiB/s (26.5GB/s)(740GiB/30032msec)
  cpu          : usr=0.71%, sys=5.88%, ctx=194743684, majf=0, minf=2045
  IO depths    : 1=100.0%, 2=0.0%, 4=0.0%, 8=0.0%, 16=0.0%, 32=0.0%, >=64=0.0%
     submit    : 0=0.0%, 4=100.0%, 8=0.0%, 16=0.0%, 32=0.0%, 64=0.0%, >=64=0.0%
     complete  : 0=0.0%, 4=100.0%, 8=0.0%, 16=0.0%, 32=0.0%, 64=0.0%, >=64=0.0%
     issued rwt: total=194009984,0,0, short=0,0,0, dropped=0,0,0
     latency   : target=0, window=0, percentile=100.00%, depth=1

Run status group 0 (all jobs):
   READ: bw=24.7GiB/s (26.5GB/s), 24.7GiB/s-24.7GiB/s (26.5GB/s-26.5GB/s), io=740GiB (795GB), run=30032-30032msec

Disk stats (read/write):
  nvme0n1: ios=12086869/0, merge=0/0, ticks=3693960/0, in_queue=3807120, util=97.57%
  nvme1n1: ios=12125880/0, merge=0/0, ticks=2890080/0, in_queue=3091880, util=98.06%
  nvme2n1: ios=12125880/0, merge=0/0, ticks=3001436/0, in_queue=3228064, util=97.98%
  nvme3n1: ios=12125880/0, merge=0/0, ticks=2806404/0, in_queue=2885528, util=97.25%
  nvme4n1: ios=12125880/0, merge=0/0, ticks=3401536/0, in_queue=3688484, util=97.66%
  nvme5n1: ios=12125880/0, merge=0/0, ticks=2866100/0, in_queue=2933864, util=97.28%
  nvme6n1: ios=12125880/0, merge=0/0, ticks=2647372/0, in_queue=2708336, util=97.01%
  nvme7n1: ios=12125880/0, merge=0/0, ticks=2712220/0, in_queue=2775528, util=97.20%
  nvme8n1: ios=12125880/0, merge=0/0, ticks=4383720/0, in_queue=4481932, util=97.59%
  nvme9n1: ios=12125880/0, merge=0/0, ticks=3238712/0, in_queue=3478400, util=97.96%
  nvme10n1: ios=12125880/0, merge=0/0, ticks=3769408/0, in_queue=3856964, util=97.49%
  nvme11n1: ios=12125880/0, merge=0/0, ticks=3352644/0, in_queue=3635412, util=98.42%
  nvme12n1: ios=12125880/0, merge=0/0, ticks=3452280/0, in_queue=3521448, util=97.64%
  nvme13n1: ios=12125880/0, merge=0/0, ticks=3642960/0, in_queue=3881568, util=98.52%
  nvme14n1: ios=12123832/0, merge=0/0, ticks=2271452/0, in_queue=2322292, util=97.96%
  nvme15n1: ios=12123832/0, merge=0/0, ticks=2412884/0, in_queue=2486392, util=98.00%
