randread-md-nvmes: (g=0): rw=randread, bs=4096B-4096B,4096B-4096B,4096B-4096B, ioengine=psync, iodepth=1
...
fio-2.17-17-g9cf1
Starting 512 threads

randread-md-nvmes: (groupid=0, jobs=512): err= 0: pid=113840: Mon Jan 23 23:59:09 2017
   read: IOPS=3248k, BW=12.4GiB/s (13.4GB/s)(372GiB/30020msec)
  cpu          : usr=1.35%, sys=18.14%, ctx=97502167, majf=0, minf=512
  IO depths    : 1=100.0%, 2=0.0%, 4=0.0%, 8=0.0%, 16=0.0%, 32=0.0%, >=64=0.0%
     submit    : 0=0.0%, 4=100.0%, 8=0.0%, 16=0.0%, 32=0.0%, 64=0.0%, >=64=0.0%
     complete  : 0=0.0%, 4=100.0%, 8=0.0%, 16=0.0%, 32=0.0%, 64=0.0%, >=64=0.0%
     issued rwt: total=97495744,0,0, short=0,0,0, dropped=0,0,0
     latency   : target=0, window=0, percentile=100.00%, depth=1

Run status group 0 (all jobs):
   READ: bw=12.4GiB/s (13.4GB/s), 12.4GiB/s-12.4GiB/s (13.4GB/s-13.4GB/s), io=372GiB (399GB), run=30020-30020msec

Disk stats (read/write):
    md1: ios=97348348/0, merge=0/0, ticks=0/0, in_queue=0, util=0.00%, aggrios=6093484/0, aggrmerge=0/0, aggrticks=739384/0, aggrin_queue=754713, aggrutil=100.00%
  nvme15n1: ios=6093185/0, merge=0/0, ticks=716744/0, in_queue=723812, util=100.00%
  nvme6n1: ios=6095814/0, merge=0/0, ticks=739084/0, in_queue=749000, util=100.00%
  nvme9n1: ios=6096294/0, merge=0/0, ticks=732240/0, in_queue=756576, util=100.00%
  nvme11n1: ios=6092717/0, merge=0/0, ticks=732312/0, in_queue=759384, util=100.00%
  nvme2n1: ios=6094174/0, merge=0/0, ticks=749228/0, in_queue=777876, util=100.00%
  nvme14n1: ios=6090838/0, merge=0/0, ticks=694488/0, in_queue=701436, util=100.00%
  nvme5n1: ios=6098201/0, merge=0/0, ticks=737220/0, in_queue=745436, util=100.00%
  nvme8n1: ios=6094979/0, merge=0/0, ticks=748140/0, in_queue=757396, util=100.00%
  nvme10n1: ios=6089759/0, merge=0/0, ticks=757220/0, in_queue=762844, util=99.93%
  nvme1n1: ios=6087775/0, merge=0/0, ticks=730224/0, in_queue=760960, util=100.00%
  nvme13n1: ios=6092015/0, merge=0/0, ticks=728836/0, in_queue=754820, util=100.00%
  nvme4n1: ios=6093459/0, merge=0/0, ticks=727956/0, in_queue=756668, util=100.00%
  nvme7n1: ios=6095962/0, merge=0/0, ticks=729052/0, in_queue=736088, util=100.00%
  nvme0n1: ios=6096798/0, merge=0/0, ticks=773624/0, in_queue=781472, util=99.98%
  nvme12n1: ios=6090117/0, merge=0/0, ticks=768928/0, in_queue=777944, util=100.00%
  nvme3n1: ios=6093657/0, merge=0/0, ticks=764848/0, in_queue=773708, util=100.00%
