randread-md-nvmes: (g=0): rw=randread, bs=4096B-4096B,4096B-4096B,4096B-4096B, ioengine=pvsync2, iodepth=1
...
fio-2.17-17-g9cf1
Starting 1024 threads

randread-md-nvmes: (groupid=0, jobs=1024): err= 0: pid=122873: Tue Jan 24 00:02:48 2017
   read: IOPS=4026k, BW=15.4GiB/s (16.5GB/s)(461GiB/30029msec)
  cpu          : usr=0.97%, sys=15.48%, ctx=120947830, majf=0, minf=1024
  IO depths    : 1=100.0%, 2=0.0%, 4=0.0%, 8=0.0%, 16=0.0%, 32=0.0%, >=64=0.0%
     submit    : 0=0.0%, 4=100.0%, 8=0.0%, 16=0.0%, 32=0.0%, 64=0.0%, >=64=0.0%
     complete  : 0=0.0%, 4=100.0%, 8=0.0%, 16=0.0%, 32=0.0%, 64=0.0%, >=64=0.0%
     issued rwt: total=120890688,0,0, short=0,0,0, dropped=0,0,0
     latency   : target=0, window=0, percentile=100.00%, depth=1

Run status group 0 (all jobs):
   READ: bw=15.4GiB/s (16.5GB/s), 15.4GiB/s-15.4GiB/s (16.5GB/s-16.5GB/s), io=461GiB (495GB), run=30029-30029msec

Disk stats (read/write):
    md1: ios=120528509/0, merge=0/0, ticks=0/0, in_queue=0, util=0.00%, aggrios=7555668/0, aggrmerge=0/0, aggrticks=1043270/0, aggrin_queue=1078207, aggrutil=100.00%
  nvme15n1: ios=7557399/0, merge=0/0, ticks=1051752/0, in_queue=1072652, util=100.00%
  nvme6n1: ios=7556082/0, merge=0/0, ticks=960032/0, in_queue=975636, util=100.00%
  nvme9n1: ios=7554897/0, merge=0/0, ticks=1056360/0, in_queue=1113412, util=100.00%
  nvme11n1: ios=7553870/0, merge=0/0, ticks=1107184/0, in_queue=1181040, util=100.00%
  nvme2n1: ios=7556376/0, merge=0/0, ticks=1012900/0, in_queue=1071344, util=100.00%
  nvme14n1: ios=7556193/0, merge=0/0, ticks=1065056/0, in_queue=1082092, util=100.00%
  nvme5n1: ios=7552794/0, merge=0/0, ticks=1000684/0, in_queue=1018460, util=100.00%
  nvme8n1: ios=7556809/0, merge=0/0, ticks=1071088/0, in_queue=1088432, util=100.00%
  nvme10n1: ios=7556451/0, merge=0/0, ticks=1062564/0, in_queue=1082416, util=100.00%
  nvme1n1: ios=7556175/0, merge=0/0, ticks=1089236/0, in_queue=1151912, util=100.00%
  nvme13n1: ios=7557178/0, merge=0/0, ticks=1040688/0, in_queue=1096548, util=100.00%
  nvme4n1: ios=7555426/0, merge=0/0, ticks=1057156/0, in_queue=1126844, util=100.00%
  nvme7n1: ios=7556033/0, merge=0/0, ticks=991984/0, in_queue=1007376, util=100.00%
  nvme0n1: ios=7552014/0, merge=0/0, ticks=1022708/0, in_queue=1040032, util=100.00%
  nvme12n1: ios=7554287/0, merge=0/0, ticks=1055188/0, in_queue=1076560, util=100.00%
  nvme3n1: ios=7558704/0, merge=0/0, ticks=1047744/0, in_queue=1066568, util=100.00%
