randread-md-nvmes: (g=0): rw=randread, bs=4096B-4096B,4096B-4096B,4096B-4096B, ioengine=pvsync2, iodepth=1
...
fio-2.17-17-g9cf1
Starting 1024 threads

randread-md-nvmes: (groupid=0, jobs=1024): err= 0: pid=127056: Tue Jan 24 00:04:23 2017
   read: IOPS=4016k, BW=15.4GiB/s (16.5GB/s)(460GiB/30036msec)
  cpu          : usr=0.98%, sys=15.46%, ctx=120673327, majf=0, minf=1024
  IO depths    : 1=100.0%, 2=0.0%, 4=0.0%, 8=0.0%, 16=0.0%, 32=0.0%, >=64=0.0%
     submit    : 0=0.0%, 4=100.0%, 8=0.0%, 16=0.0%, 32=0.0%, 64=0.0%, >=64=0.0%
     complete  : 0=0.0%, 4=100.0%, 8=0.0%, 16=0.0%, 32=0.0%, 64=0.0%, >=64=0.0%
     issued rwt: total=120619584,0,0, short=0,0,0, dropped=0,0,0
     latency   : target=0, window=0, percentile=100.00%, depth=1

Run status group 0 (all jobs):
   READ: bw=15.4GiB/s (16.5GB/s), 15.4GiB/s-15.4GiB/s (16.5GB/s-16.5GB/s), io=460GiB (494GB), run=30036-30036msec

Disk stats (read/write):
    md1: ios=119846342/0, merge=0/0, ticks=0/0, in_queue=0, util=0.00%, aggrios=7538724/0, aggrmerge=0/0, aggrticks=1047645/0, aggrin_queue=1080656, aggrutil=100.00%
  nvme15n1: ios=7539522/0, merge=0/0, ticks=1003236/0, in_queue=1022684, util=100.00%
  nvme6n1: ios=7539124/0, merge=0/0, ticks=1054724/0, in_queue=1076092, util=100.00%
  nvme9n1: ios=7541867/0, merge=0/0, ticks=1052388/0, in_queue=1108524, util=100.00%
  nvme11n1: ios=7536606/0, merge=0/0, ticks=1044348/0, in_queue=1103792, util=100.00%
  nvme2n1: ios=7536674/0, merge=0/0, ticks=1020584/0, in_queue=1076112, util=100.00%
  nvme14n1: ios=7536653/0, merge=0/0, ticks=997292/0, in_queue=1012820, util=100.00%
  nvme5n1: ios=7537797/0, merge=0/0, ticks=1097032/0, in_queue=1120420, util=100.00%
  nvme8n1: ios=7536742/0, merge=0/0, ticks=1085768/0, in_queue=1101212, util=100.00%
  nvme10n1: ios=7537314/0, merge=0/0, ticks=1082864/0, in_queue=1101724, util=100.00%
  nvme1n1: ios=7541162/0, merge=0/0, ticks=1042752/0, in_queue=1098260, util=100.00%
  nvme13n1: ios=7541524/0, merge=0/0, ticks=1009816/0, in_queue=1064520, util=100.00%
  nvme4n1: ios=7538561/0, merge=0/0, ticks=1023268/0, in_queue=1085736, util=100.00%
  nvme7n1: ios=7538413/0, merge=0/0, ticks=1029328/0, in_queue=1047884, util=100.00%
  nvme0n1: ios=7539675/0, merge=0/0, ticks=1075932/0, in_queue=1090300, util=99.98%
  nvme12n1: ios=7539246/0, merge=0/0, ticks=1082232/0, in_queue=1100732, util=100.00%
  nvme3n1: ios=7538704/0, merge=0/0, ticks=1060764/0, in_queue=1079688, util=100.00%
