randread-individual-nvmes: (g=0): rw=randread, bs=4096B-4096B,4096B-4096B,4096B-4096B, ioengine=pvsync, iodepth=1
...
fio-2.17-17-g9cf1
Starting 512 threads

randread-individual-nvmes: (groupid=0, jobs=512): err= 0: pid=169006: Tue Jan 24 15:35:48 2017
   read: IOPS=6490k, BW=24.8GiB/s (26.6GB/s)(744GiB/30056msec)
  cpu          : usr=2.97%, sys=24.45%, ctx=186797028, majf=0, minf=512
  IO depths    : 1=100.0%, 2=0.0%, 4=0.0%, 8=0.0%, 16=0.0%, 32=0.0%, >=64=0.0%
     submit    : 0=0.0%, 4=100.0%, 8=0.0%, 16=0.0%, 32=0.0%, 64=0.0%, >=64=0.0%
     complete  : 0=0.0%, 4=100.0%, 8=0.0%, 16=0.0%, 32=0.0%, 64=0.0%, >=64=0.0%
     issued rwt: total=195064256,0,0, short=0,0,0, dropped=0,0,0
     latency   : target=0, window=0, percentile=100.00%, depth=1

Run status group 0 (all jobs):
   READ: bw=24.8GiB/s (26.6GB/s), 24.8GiB/s-24.8GiB/s (26.6GB/s-26.6GB/s), io=744GiB (799GB), run=30056-30056msec

Disk stats (read/write):
  nvme0n1: ios=12132544/0, merge=0/0, ticks=290640/0, in_queue=293416, util=97.72%
  nvme1n1: ios=12132601/0, merge=0/0, ticks=310056/0, in_queue=332460, util=99.10%
  nvme2n1: ios=12132648/0, merge=0/0, ticks=325684/0, in_queue=351344, util=99.28%
  nvme3n1: ios=12132692/0, merge=0/0, ticks=327740/0, in_queue=331744, util=98.38%
  nvme4n1: ios=12191580/0, merge=0/0, ticks=326300/0, in_queue=352580, util=99.53%
  nvme5n1: ios=12191580/0, merge=0/0, ticks=357784/0, in_queue=363028, util=98.59%
  nvme6n1: ios=12191580/0, merge=0/0, ticks=339684/0, in_queue=344436, util=98.61%
  nvme7n1: ios=12191580/0, merge=0/0, ticks=325904/0, in_queue=331160, util=98.76%
  nvme8n1: ios=12191580/0, merge=0/0, ticks=326756/0, in_queue=330492, util=98.83%
  nvme9n1: ios=12191580/0, merge=0/0, ticks=353096/0, in_queue=374792, util=99.88%
  nvme10n1: ios=12191580/0, merge=0/0, ticks=363672/0, in_queue=369720, util=98.92%
  nvme11n1: ios=12191580/0, merge=0/0, ticks=337484/0, in_queue=365480, util=100.00%
  nvme12n1: ios=12191580/0, merge=0/0, ticks=289152/0, in_queue=293044, util=99.46%
  nvme13n1: ios=12191580/0, merge=0/0, ticks=297344/0, in_queue=316096, util=100.00%
  nvme14n1: ios=12191068/0, merge=0/0, ticks=299996/0, in_queue=304280, util=99.58%
  nvme15n1: ios=12191068/0, merge=0/0, ticks=320232/0, in_queue=326544, util=99.77%
