randread-individual-nvmes: (g=0): rw=randread, bs=4096B-4096B,4096B-4096B,4096B-4096B, ioengine=pvsync, iodepth=1
...
fio-2.17-17-g9cf1
Starting 2048 threads

randread-individual-nvmes: (groupid=0, jobs=2048): err= 0: pid=170929: Tue Jan 24 15:36:53 2017
   read: IOPS=9331k, BW=35.7GiB/s (38.3GB/s)(1071GiB/30079msec)
  cpu          : usr=0.71%, sys=6.43%, ctx=288587877, majf=0, minf=2045
  IO depths    : 1=100.0%, 2=0.0%, 4=0.0%, 8=0.0%, 16=0.0%, 32=0.0%, >=64=0.0%
     submit    : 0=0.0%, 4=100.0%, 8=0.0%, 16=0.0%, 32=0.0%, 64=0.0%, >=64=0.0%
     complete  : 0=0.0%, 4=100.0%, 8=0.0%, 16=0.0%, 32=0.0%, 64=0.0%, >=64=0.0%
     issued rwt: total=280672192,0,0, short=0,0,0, dropped=0,0,0
     latency   : target=0, window=0, percentile=100.00%, depth=1

Run status group 0 (all jobs):
   READ: bw=35.7GiB/s (38.3GB/s), 35.7GiB/s-35.7GiB/s (38.3GB/s-38.3GB/s), io=1071GiB (1150GB), run=30079-30079msec

Disk stats (read/write):
  nvme0n1: ios=17412354/0, merge=0/0, ticks=417604/0, in_queue=426424, util=97.53%
  nvme1n1: ios=17542268/0, merge=0/0, ticks=459528/0, in_queue=505844, util=97.95%
  nvme2n1: ios=17542268/0, merge=0/0, ticks=493784/0, in_queue=546600, util=98.09%
  nvme3n1: ios=17542268/0, merge=0/0, ticks=510836/0, in_queue=526352, util=97.44%
  nvme4n1: ios=17542268/0, merge=0/0, ticks=460564/0, in_queue=508348, util=98.60%
  nvme5n1: ios=17542268/0, merge=0/0, ticks=542820/0, in_queue=561144, util=97.85%
  nvme6n1: ios=17542268/0, merge=0/0, ticks=548952/0, in_queue=564244, util=97.66%
  nvme7n1: ios=17542268/0, merge=0/0, ticks=485788/0, in_queue=498940, util=97.72%
  nvme8n1: ios=17542268/0, merge=0/0, ticks=507680/0, in_queue=522628, util=98.15%
  nvme9n1: ios=17542268/0, merge=0/0, ticks=499320/0, in_queue=549004, util=98.85%
  nvme10n1: ios=17542268/0, merge=0/0, ticks=731696/0, in_queue=752816, util=98.10%
  nvme11n1: ios=17542268/0, merge=0/0, ticks=638524/0, in_queue=711308, util=99.61%
  nvme12n1: ios=17542268/0, merge=0/0, ticks=9379532/0, in_queue=9689356, util=97.96%
  nvme13n1: ios=17542268/0, merge=0/0, ticks=30844328/0, in_queue=34107608, util=99.15%
  nvme14n1: ios=17540220/0, merge=0/0, ticks=411280/0, in_queue=423060, util=98.80%
  nvme15n1: ios=17540220/0, merge=0/0, ticks=455560/0, in_queue=469096, util=98.52%
