randread-individual-nvmes: (g=0): rw=randread, bs=4096B-4096B,4096B-4096B,4096B-4096B, ioengine=psync, iodepth=1
...
fio-2.17-17-g9cf1
Starting 2048 threads

randread-individual-nvmes: (groupid=0, jobs=2048): err= 0: pid=166762: Tue Jan 24 15:35:16 2017
   read: IOPS=9335k, BW=35.7GiB/s (38.3GB/s)(1070GiB/30061msec)
  cpu          : usr=0.72%, sys=6.48%, ctx=288828589, majf=0, minf=2045
  IO depths    : 1=100.0%, 2=0.0%, 4=0.0%, 8=0.0%, 16=0.0%, 32=0.0%, >=64=0.0%
     submit    : 0=0.0%, 4=100.0%, 8=0.0%, 16=0.0%, 32=0.0%, 64=0.0%, >=64=0.0%
     complete  : 0=0.0%, 4=100.0%, 8=0.0%, 16=0.0%, 32=0.0%, 64=0.0%, >=64=0.0%
     issued rwt: total=280618816,0,0, short=0,0,0, dropped=0,0,0
     latency   : target=0, window=0, percentile=100.00%, depth=1

Run status group 0 (all jobs):
   READ: bw=35.7GiB/s (38.3GB/s), 35.7GiB/s-35.7GiB/s (38.3GB/s-38.3GB/s), io=1070GiB (1149GB), run=30061-30061msec

Disk stats (read/write):
  nvme0n1: ios=17490799/0, merge=0/0, ticks=468536/0, in_queue=483092, util=98.18%
  nvme1n1: ios=17538932/0, merge=0/0, ticks=484344/0, in_queue=530492, util=98.36%
  nvme2n1: ios=17538932/0, merge=0/0, ticks=491272/0, in_queue=541248, util=98.32%
  nvme3n1: ios=17538932/0, merge=0/0, ticks=488600/0, in_queue=505160, util=97.81%
  nvme4n1: ios=17538932/0, merge=0/0, ticks=495680/0, in_queue=550688, util=98.49%
  nvme5n1: ios=17538932/0, merge=0/0, ticks=532164/0, in_queue=550888, util=98.19%
  nvme6n1: ios=17538932/0, merge=0/0, ticks=524860/0, in_queue=540488, util=97.84%
  nvme7n1: ios=17538932/0, merge=0/0, ticks=508616/0, in_queue=526476, util=98.02%
  nvme8n1: ios=17538932/0, merge=0/0, ticks=475932/0, in_queue=488228, util=97.84%
  nvme9n1: ios=17538932/0, merge=0/0, ticks=518244/0, in_queue=565884, util=98.57%
  nvme10n1: ios=17538932/0, merge=0/0, ticks=672964/0, in_queue=693700, util=98.30%
  nvme11n1: ios=17538932/0, merge=0/0, ticks=623648/0, in_queue=692104, util=98.94%
  nvme12n1: ios=17538932/0, merge=0/0, ticks=4752648/0, in_queue=4906828, util=97.95%
  nvme13n1: ios=17538932/0, merge=0/0, ticks=35430788/0, in_queue=38961172, util=98.90%
  nvme14n1: ios=17536884/0, merge=0/0, ticks=458372/0, in_queue=469452, util=98.25%
  nvme15n1: ios=17536884/0, merge=0/0, ticks=479552/0, in_queue=492168, util=98.54%
