randread-individual-nvmes: (g=0): rw=randread, bs=4096B-4096B,4096B-4096B,4096B-4096B, ioengine=pvsync2, iodepth=1
...
fio-2.17-17-g9cf1
Starting 1024 threads

randread-individual-nvmes: (groupid=0, jobs=1024): err= 0: pid=173876: Tue Jan 24 15:37:57 2017
   read: IOPS=9424k, BW=35.1GiB/s (38.6GB/s)(1082GiB/30091msec)
  cpu          : usr=1.38%, sys=13.36%, ctx=288474393, majf=0, minf=1024
  IO depths    : 1=100.0%, 2=0.0%, 4=0.0%, 8=0.0%, 16=0.0%, 32=0.0%, >=64=0.0%
     submit    : 0=0.0%, 4=100.0%, 8=0.0%, 16=0.0%, 32=0.0%, 64=0.0%, >=64=0.0%
     complete  : 0=0.0%, 4=100.0%, 8=0.0%, 16=0.0%, 32=0.0%, 64=0.0%, >=64=0.0%
     issued rwt: total=283575232,0,0, short=0,0,0, dropped=0,0,0
     latency   : target=0, window=0, percentile=100.00%, depth=1

Run status group 0 (all jobs):
   READ: bw=35.1GiB/s (38.6GB/s), 35.1GiB/s-35.1GiB/s (38.6GB/s-38.6GB/s), io=1082GiB (1162GB), run=30091-30091msec

Disk stats (read/write):
  nvme0n1: ios=17652841/0, merge=0/0, ticks=457444/0, in_queue=471408, util=98.76%
  nvme1n1: ios=17652992/0, merge=0/0, ticks=491344/0, in_queue=543996, util=99.85%
  nvme2n1: ios=17723580/0, merge=0/0, ticks=512052/0, in_queue=574080, util=100.00%
  nvme3n1: ios=17723580/0, merge=0/0, ticks=529420/0, in_queue=547664, util=99.05%
  nvme4n1: ios=17723580/0, merge=0/0, ticks=491896/0, in_queue=551004, util=99.93%
  nvme5n1: ios=17723580/0, merge=0/0, ticks=560344/0, in_queue=575196, util=98.88%
  nvme6n1: ios=17723580/0, merge=0/0, ticks=559816/0, in_queue=577552, util=99.30%
  nvme7n1: ios=17723580/0, merge=0/0, ticks=518004/0, in_queue=534584, util=99.12%
  nvme8n1: ios=17723580/0, merge=0/0, ticks=516456/0, in_queue=533784, util=99.34%
  nvme9n1: ios=17723580/0, merge=0/0, ticks=532720/0, in_queue=589104, util=100.00%
  nvme10n1: ios=17723580/0, merge=0/0, ticks=720668/0, in_queue=743080, util=99.35%
  nvme11n1: ios=17723580/0, merge=0/0, ticks=660036/0, in_queue=741752, util=100.00%
  nvme12n1: ios=17723580/0, merge=0/0, ticks=2924528/0, in_queue=3016540, util=99.45%
  nvme13n1: ios=17723580/0, merge=0/0, ticks=6615468/0, in_queue=7346928, util=100.00%
  nvme14n1: ios=17722556/0, merge=0/0, ticks=449272/0, in_queue=463212, util=100.00%
  nvme15n1: ios=17722556/0, merge=0/0, ticks=486600/0, in_queue=501164, util=99.88%
