randread-md-nvmes: (g=0): rw=randread, bs=4096B-4096B,4096B-4096B,4096B-4096B, ioengine=sync, iodepth=1
...
fio-2.17-17-g9cf1
Starting 2048 threads

randread-md-nvmes: (groupid=0, jobs=2048): err= 0: pid=4277: Tue Jan 24 15:41:42 2017
   read: IOPS=1608k, BW=6281MiB/s (6586MB/s)(185GiB/30188msec)
  cpu          : usr=0.07%, sys=7.95%, ctx=49685739, majf=0, minf=2045
  IO depths    : 1=100.0%, 2=0.0%, 4=0.0%, 8=0.0%, 16=0.0%, 32=0.0%, >=64=0.0%
     submit    : 0=0.0%, 4=100.0%, 8=0.0%, 16=0.0%, 32=0.0%, 64=0.0%, >=64=0.0%
     complete  : 0=0.0%, 4=100.0%, 8=0.0%, 16=0.0%, 32=0.0%, 64=0.0%, >=64=0.0%
     issued rwt: total=48541632,0,0, short=0,0,0, dropped=0,0,0
     latency   : target=0, window=0, percentile=100.00%, depth=1

Run status group 0 (all jobs):
   READ: bw=6281MiB/s (6586MB/s), 6281MiB/s-6281MiB/s (6586MB/s-6586MB/s), io=185GiB (199GB), run=30188-30188msec

Disk stats (read/write):
    md1: ios=48474288/0, merge=0/0, ticks=0/0, in_queue=0, util=0.00%, aggrios=3033852/0, aggrmerge=0/0, aggrticks=23790/0, aggrin_queue=23237, aggrutil=54.51%
  nvme15n1: ios=3035490/0, merge=0/0, ticks=23708/0, in_queue=23012, util=53.29%
  nvme6n1: ios=3035786/0, merge=0/0, ticks=23780/0, in_queue=23076, util=53.49%
  nvme9n1: ios=3032980/0, merge=0/0, ticks=23712/0, in_queue=23256, util=53.10%
  nvme11n1: ios=3033914/0, merge=0/0, ticks=24656/0, in_queue=24336, util=54.51%
  nvme2n1: ios=3030320/0, merge=0/0, ticks=23456/0, in_queue=23164, util=52.69%
  nvme14n1: ios=3035366/0, merge=0/0, ticks=23880/0, in_queue=23220, util=52.76%
  nvme5n1: ios=3033076/0, merge=0/0, ticks=23712/0, in_queue=23064, util=52.22%
  nvme8n1: ios=3031568/0, merge=0/0, ticks=23752/0, in_queue=23180, util=53.22%
  nvme10n1: ios=3034149/0, merge=0/0, ticks=24076/0, in_queue=23452, util=53.97%
  nvme1n1: ios=3036135/0, merge=0/0, ticks=23752/0, in_queue=23304, util=53.92%
  nvme13n1: ios=3031679/0, merge=0/0, ticks=23300/0, in_queue=22876, util=52.57%
  nvme4n1: ios=3036203/0, merge=0/0, ticks=23772/0, in_queue=23384, util=53.00%
  nvme7n1: ios=3033538/0, merge=0/0, ticks=23856/0, in_queue=23348, util=53.28%
  nvme0n1: ios=3033815/0, merge=0/0, ticks=23312/0, in_queue=22692, util=52.55%
  nvme12n1: ios=3034536/0, merge=0/0, ticks=24192/0, in_queue=23436, util=53.23%
  nvme3n1: ios=3033077/0, merge=0/0, ticks=23724/0, in_queue=22996, util=52.60%
