randread-md-nvmes: (g=0): rw=randread, bs=4096B-4096B,4096B-4096B,4096B-4096B, ioengine=psync, iodepth=1
...
fio-2.17-17-g9cf1
Starting 2048 threads

randread-md-nvmes: (groupid=0, jobs=2048): err= 0: pid=8564: Tue Jan 24 15:43:16 2017
   read: IOPS=4285k, BW=16.4GiB/s (17.6GB/s)(492GiB/30115msec)
  cpu          : usr=0.58%, sys=8.00%, ctx=126633347, majf=0, minf=2045
  IO depths    : 1=100.0%, 2=0.0%, 4=0.0%, 8=0.0%, 16=0.0%, 32=0.0%, >=64=0.0%
     submit    : 0=0.0%, 4=100.0%, 8=0.0%, 16=0.0%, 32=0.0%, 64=0.0%, >=64=0.0%
     complete  : 0=0.0%, 4=100.0%, 8=0.0%, 16=0.0%, 32=0.0%, 64=0.0%, >=64=0.0%
     issued rwt: total=129036672,0,0, short=0,0,0, dropped=0,0,0
     latency   : target=0, window=0, percentile=100.00%, depth=1

Run status group 0 (all jobs):
   READ: bw=16.4GiB/s (17.6GB/s), 16.4GiB/s-16.4GiB/s (17.6GB/s-17.6GB/s), io=492GiB (529GB), run=30115-30115msec

Disk stats (read/write):
    md1: ios=128194967/0, merge=0/0, ticks=0/0, in_queue=0, util=0.00%, aggrios=8064792/0, aggrmerge=0/0, aggrticks=193399/0, aggrin_queue=206316, aggrutil=100.00%
  nvme15n1: ios=8062600/0, merge=0/0, ticks=191528/0, in_queue=196824, util=100.00%
  nvme6n1: ios=8068664/0, merge=0/0, ticks=197304/0, in_queue=202840, util=100.00%
  nvme9n1: ios=8062299/0, merge=0/0, ticks=207348/0, in_queue=234176, util=100.00%
  nvme11n1: ios=8064415/0, merge=0/0, ticks=195660/0, in_queue=221456, util=100.00%
  nvme2n1: ios=8063401/0, merge=0/0, ticks=194232/0, in_queue=219044, util=100.00%
  nvme14n1: ios=8067146/0, merge=0/0, ticks=181856/0, in_queue=186884, util=100.00%
  nvme5n1: ios=8062906/0, merge=0/0, ticks=211468/0, in_queue=218768, util=100.00%
  nvme8n1: ios=8065551/0, merge=0/0, ticks=198632/0, in_queue=204716, util=100.00%
  nvme10n1: ios=8059972/0, merge=0/0, ticks=213716/0, in_queue=219112, util=100.00%
  nvme1n1: ios=8067655/0, merge=0/0, ticks=188416/0, in_queue=213168, util=100.00%
  nvme13n1: ios=8060464/0, merge=0/0, ticks=178580/0, in_queue=201200, util=100.00%
  nvme4n1: ios=8067048/0, merge=0/0, ticks=195192/0, in_queue=219812, util=100.00%
  nvme7n1: ios=8070212/0, merge=0/0, ticks=191556/0, in_queue=197776, util=100.00%
  nvme0n1: ios=8065540/0, merge=0/0, ticks=176336/0, in_queue=181380, util=100.00%
  nvme12n1: ios=8065380/0, merge=0/0, ticks=176436/0, in_queue=182056, util=100.00%
  nvme3n1: ios=8063419/0, merge=0/0, ticks=196136/0, in_queue=201848, util=100.00%
