randread-md-nvmes: (g=0): rw=randread, bs=4096B-4096B,4096B-4096B,4096B-4096B, ioengine=pvsync, iodepth=1
...
fio-2.17-17-g9cf1
Starting 2048 threads

randread-md-nvmes: (groupid=0, jobs=2048): err= 0: pid=13187: Tue Jan 24 15:44:50 2017
   read: IOPS=4336k, BW=16.6GiB/s (17.8GB/s)(497GiB/30066msec)
  cpu          : usr=0.57%, sys=8.03%, ctx=128133905, majf=0, minf=2045
  IO depths    : 1=100.0%, 2=0.0%, 4=0.0%, 8=0.0%, 16=0.0%, 32=0.0%, >=64=0.0%
     submit    : 0=0.0%, 4=100.0%, 8=0.0%, 16=0.0%, 32=0.0%, 64=0.0%, >=64=0.0%
     complete  : 0=0.0%, 4=100.0%, 8=0.0%, 16=0.0%, 32=0.0%, 64=0.0%, >=64=0.0%
     issued rwt: total=130378944,0,0, short=0,0,0, dropped=0,0,0
     latency   : target=0, window=0, percentile=100.00%, depth=1

Run status group 0 (all jobs):
   READ: bw=16.6GiB/s (17.8GB/s), 16.6GiB/s-16.6GiB/s (17.8GB/s-17.8GB/s), io=497GiB (534GB), run=30066-30066msec

Disk stats (read/write):
    md1: ios=129940130/0, merge=0/0, ticks=0/0, in_queue=0, util=0.00%, aggrios=8148684/0, aggrmerge=0/0, aggrticks=195172/0, aggrin_queue=207577, aggrutil=100.00%
  nvme15n1: ios=8150696/0, merge=0/0, ticks=195672/0, in_queue=200700, util=100.00%
  nvme6n1: ios=8148673/0, merge=0/0, ticks=197684/0, in_queue=202744, util=100.00%
  nvme9n1: ios=8147122/0, merge=0/0, ticks=211156/0, in_queue=235592, util=100.00%
  nvme11n1: ios=8149893/0, merge=0/0, ticks=196824/0, in_queue=222328, util=100.00%
  nvme2n1: ios=8147580/0, merge=0/0, ticks=196532/0, in_queue=220512, util=100.00%
  nvme14n1: ios=8145854/0, merge=0/0, ticks=183596/0, in_queue=188764, util=100.00%
  nvme5n1: ios=8151331/0, merge=0/0, ticks=213728/0, in_queue=219052, util=100.00%
  nvme8n1: ios=8147575/0, merge=0/0, ticks=200016/0, in_queue=205392, util=100.00%
  nvme10n1: ios=8149576/0, merge=0/0, ticks=214356/0, in_queue=219396, util=100.00%
  nvme1n1: ios=8145897/0, merge=0/0, ticks=190204/0, in_queue=213456, util=100.00%
  nvme13n1: ios=8149246/0, merge=0/0, ticks=180488/0, in_queue=202044, util=100.00%
  nvme4n1: ios=8148302/0, merge=0/0, ticks=196932/0, in_queue=223160, util=100.00%
  nvme7n1: ios=8148861/0, merge=0/0, ticks=192648/0, in_queue=198708, util=100.00%
  nvme0n1: ios=8151577/0, merge=0/0, ticks=177872/0, in_queue=182636, util=100.00%
  nvme12n1: ios=8151977/0, merge=0/0, ticks=179192/0, in_queue=184640, util=100.00%
  nvme3n1: ios=8144784/0, merge=0/0, ticks=195860/0, in_queue=202112, util=100.00%
